<?xml version="1.0" encoding="UTF-8"?>
<web-app
	xmlns="http://xmlns.jcp.org/xml/ns/javaee"
	xmlns:xsi="http://www.w3.org/2001/XMLSchema-instance"
	xsi:schemaLocation="http://xmlns.jcp.org/xml/ns/javaee http://xmlns.jcp.org/xml/ns/javaee/web-app_3_1.xsd"
	version="3.1"
>
	<data-source>
		<name>java:app/ibbdb/TestDataSource</name>
		<class-name>org.h2.jdbcx.JdbcDataSource</class-name>
		<url>jdbc:h2:mem:ibbdb;DB_CLOSE_DELAY=-1</url>
		<user>sa</user>
		<password>sa</password>
		<transactional>true</transactional>
		<isolation-level>TRANSACTION_READ_COMMITTED</isolation-level>
		<initial-pool-size>2</initial-pool-size>
		<max-pool-size>10</max-pool-size>
		<min-pool-size>5</min-pool-size>
		<max-statements>0</max-statements>
	</data-source>
</web-app>